<?xml version="1.0" encoding="UTF-8"?>
<testng-results ignored="1" total="2" passed="1" failed="0" skipped="0">
  <reporter-output>
  </reporter-output>
  <suite started-at="2024-08-15T21:50:32 IST" name="Default suite" finished-at="2024-08-15T21:50:32 IST" duration-ms="38">
    <groups>
    </groups>
    <test started-at="2024-08-15T21:50:32 IST" name="Default test" finished-at="2024-08-15T21:50:32 IST" duration-ms="38">
      <class name="javaprograms.Leapyear">
        <test-method signature="commentPrograms()[pri:0, instance:javaprograms.Leapyear@2b91004a]" started-at="2024-08-15T21:50:32 IST" name="commentPrograms" finished-at="2024-08-15T21:50:32 IST" duration-ms="5" status="PASS">
          <reporter-output>
          </reporter-output>
        </test-method> <!-- commentPrograms -->
      </class> <!-- javaprograms.Leapyear -->
    </test> <!-- Default test -->
  </suite> <!-- Default suite -->
</testng-results>
